[2025-04-10T11:59:23.645+0000] {manager.py:469} INFO - Processing files using up to 2 processes at a time 
[2025-04-10T11:59:23.743+0000] {manager.py:470} INFO - Process each file at most once every 30 seconds
[2025-04-10T11:59:23.746+0000] {manager.py:471} INFO - Checking for new files in /opt/airflow/dags every 300 seconds
[2025-04-10T11:59:23.748+0000] {manager.py:738} INFO - Searching for files in /opt/airflow/dags
[2025-04-10T11:59:23.755+0000] {manager.py:741} INFO - There are 0 files in /opt/airflow/dags
[2025-04-10T12:04:24.520+0000] {manager.py:738} INFO - Searching for files in /opt/airflow/dags
[2025-04-10T12:04:24.536+0000] {manager.py:741} INFO - There are 0 files in /opt/airflow/dags
[2025-04-10T12:04:28.740+0000] {manager.py:451} INFO - Exiting gracefully upon receiving signal 15
[2025-04-10T12:06:13.396+0000] {manager.py:469} INFO - Processing files using up to 2 processes at a time 
[2025-04-10T12:06:13.402+0000] {manager.py:470} INFO - Process each file at most once every 30 seconds
[2025-04-10T12:06:13.406+0000] {manager.py:471} INFO - Checking for new files in /opt/airflow/dags every 300 seconds
[2025-04-10T12:06:13.409+0000] {manager.py:738} INFO - Searching for files in /opt/airflow/dags
[2025-04-10T12:06:13.424+0000] {manager.py:741} INFO - There are 0 files in /opt/airflow/dags
[2025-04-10T12:11:14.110+0000] {manager.py:738} INFO - Searching for files in /opt/airflow/dags
[2025-04-10T12:11:14.122+0000] {manager.py:741} INFO - There are 0 files in /opt/airflow/dags
[2025-04-10T12:16:17.534+0000] {manager.py:738} INFO - Searching for files in /opt/airflow/dags
[2025-04-10T12:16:17.545+0000] {manager.py:741} INFO - There are 0 files in /opt/airflow/dags
[2025-04-10T12:21:18.112+0000] {manager.py:738} INFO - Searching for files in /opt/airflow/dags
[2025-04-10T12:21:18.125+0000] {manager.py:741} INFO - There are 0 files in /opt/airflow/dags
[2025-04-10T12:26:18.691+0000] {manager.py:738} INFO - Searching for files in /opt/airflow/dags
[2025-04-10T12:26:18.702+0000] {manager.py:741} INFO - There are 0 files in /opt/airflow/dags
[2025-04-10T12:30:35.641+0000] {manager.py:451} INFO - Exiting gracefully upon receiving signal 15
